<?xml version="1.0" encoding="UTF-8"?>
<!-- Generated by org.testng.reporters.JUnitReportReporter -->
<testsuite hostname="DESKTOP-E2UK2LO" name="zidongh.OpenBrowserTest" tests="1" failures="0" timestamp="13 Nov 2019 13:17:55 GMT" time="2.999" errors="0">
  <testcase name="openChrome" time="2.999" classname="zidongh.OpenBrowserTest"/>
</testsuite> <!-- zidongh.OpenBrowserTest -->
