<?xml version="1.0" encoding="UTF-8"?>
<!-- Generated by org.testng.reporters.JUnitReportReporter -->
<testsuite hostname="DESKTOP-E2UK2LO" name="day3.GridTest" tests="1" failures="0" timestamp="25 Nov 2019 14:51:36 GMT" time="8.880" errors="0">
  <testcase name="gridTest" time="8.880" classname="day3.GridTest"/>
</testsuite> <!-- day3.GridTest -->
