<?xml version="1.0" encoding="UTF-8"?>
<!-- Generated by org.testng.reporters.JUnitReportReporter -->
<testsuite hostname="DESKTOP-E2UK2LO" name="day3.Gridhub" tests="2" failures="0" timestamp="25 Nov 2019 15:22:58 GMT" time="55.365" errors="1">
  <testcase name="testData" time="9.158" classname="day3.Gridhub"/>
  <testcase name="testData" time="46.207" classname="day3.Gridhub">
    <error type="org.openqa.selenium.WebDriverException" message="Unable to connect to host 127.0.0.1 on port 7055 after 45000 ms. Firefox console output:
oreignInstall&quot;:false,&quot;hasBinaryComponents&quot;:false,&quot;strictCompatibility&quot;:true,&quot;locales&quot;:[],&quot;targetApplications&quot;:[{&quot;id&quot;:&quot;{ec8030f7-c20a-464f-9b0e-13a3a9e97384}&quot;,&quot;minVersion&quot;:&quot;53.0&quot;,&quot;maxVersion&quot;:&quot;53.0&quot;}],&quot;targetPlatforms&quot;:[],&quot;seen&quot;:true,&quot;dependencies&quot;:[],&quot;hasEmbeddedWebExtension&quot;:false,&quot;userPermissions&quot;:null}
1574695333178	addons.xpi	DEBUG	getModTime: Recursive scan of {972ce4c6-7e08-4474-a285-3208198ce6fd}
1574695333179	DeferredSave.extensions.json	DEBUG	Save changes
1574695333180	addons.xpi	DEBUG	Updating database with changes to installed add-ons
1574695333180	addons.xpi-utils	DEBUG	Updating add-on states
1574695333182	addons.xpi-utils	DEBUG	Writing add-ons list
1574695333186	addons.xpi	DEBUG	Registering manifest for C:\Program Files\Mozilla Firefox\browser\features\aushelper@mozilla.org.xpi
1574695333187	addons.xpi	DEBUG	Calling bootstrap method startup on aushelper@mozilla.org version 2.0
1574695333188	addons.xpi	DEBUG	Registering manifest for C:\Program Files\Mozilla Firefox\browser\features\e10srollout@mozilla.org.xpi
1574695333189	addons.xpi	DEBUG	Calling bootstrap method startup on e10srollout@mozilla.org version 1.14
1574695333189	addons.xpi	DEBUG	Registering manifest for C:\Program Files\Mozilla Firefox\browser\features\firefox@getpocket.com.xpi
1574695333190	addons.xpi	DEBUG	Calling bootstrap method startup on firefox@getpocket.com version 1.0.5
1574695333191	addons.xpi	DEBUG	Registering manifest for C:\Program Files\Mozilla Firefox\browser\features\webcompat@mozilla.org.xpi
1574695333191	addons.xpi	DEBUG	Calling bootstrap method startup on webcompat@mozilla.org version 1.0
1574695333192	addons.manager	DEBUG	Registering shutdown blocker for XPIProvider
1574695333193	addons.manager	DEBUG	Provider finished startup: XPIProvider
1574695333193	addons.manager	DEBUG	Starting provider: LightweightThemeManager
1574695333193	addons.manager	DEBUG	Registering shutdown blocker for LightweightThemeManager
1574695333193	addons.manager	DEBUG	Provider finished startup: LightweightThemeManager
1574695333193	addons.manager	DEBUG	Starting provider: GMPProvider
1574695333199	addons.manager	DEBUG	Registering shutdown blocker for GMPProvider
1574695333199	addons.manager	DEBUG	Provider finished startup: GMPProvider
1574695333199	addons.manager	DEBUG	Starting provider: PluginProvider
1574695333199	addons.manager	DEBUG	Registering shutdown blocker for PluginProvider
1574695333199	addons.manager	DEBUG	Provider finished startup: PluginProvider
1574695333199	addons.manager	DEBUG	Completed startup sequence
[GFX1]: Potential driver version mismatch ignored due to missing DLLs 0.0.0.0 and 0.0.0.0
1574695333476	DeferredSave.extensions.json	DEBUG	Starting write
1574695333481	addons.manager	DEBUG	Starting provider: &lt;unnamed-provider&gt;
1574695333481	addons.manager	DEBUG	Registering shutdown blocker for &lt;unnamed-provider&gt;
1574695333481	addons.manager	DEBUG	Provider finished startup: &lt;unnamed-provider&gt;
1574695333611	addons.repository	DEBUG	No addons.json found.
1574695333612	DeferredSave.addons.json	DEBUG	Save changes
1574695333614	DeferredSave.addons.json	DEBUG	Starting timer
1574695333631	addons.manager	DEBUG	Starting provider: PreviousExperimentProvider
1574695333631	addons.manager	DEBUG	Registering shutdown blocker for PreviousExperimentProvider
1574695333631	addons.manager	DEBUG	Provider finished startup: PreviousExperimentProvider
1574695333632	DeferredSave.extensions.json	DEBUG	Write succeeded
1574695333632	addons.xpi-utils	DEBUG	XPI Database saved, setting schema version preference to 19
1574695333666	DeferredSave.addons.json	DEBUG	Starting write
1574695333696	DeferredSave.addons.json	DEBUG	Write succeeded
Crash Annotation GraphicsCriticalError: |[C0][GFX1]: Potential driver version mismatch ignored due to missing DLLs 0.0.0.0 and 0.0.0.0 (t=2.33784) [GFX1]: Potential driver version mismatch ignored due to missing DLLs 0.0.0.0 and 0.0.0.0
[GPU 21492] WARNING: pipe error: 109: file c:/builds/moz2_slave/m-rel-w64-00000000000000000000/build/src/ipc/chromium/src/chrome/common/ipc_channel_win.cc, line 346

Command duration or timeout: 45.89 seconds
Build info: version: &#039;2.53.1&#039;, revision: &#039;a36b8b1cd5757287168e54b817830adce9b0158d&#039;, time: &#039;2016-06-30 19:26:09&#039;
System info: host: &#039;DESKTOP-E2UK2LO&#039;, ip: &#039;192.168.1.3&#039;, os.name: &#039;Windows 10&#039;, os.arch: &#039;amd64&#039;, os.version: &#039;10.0&#039;, java.version: &#039;1.8.0_211&#039;
Driver info: org.openqa.selenium.remote.RemoteWebDriver">
      <![CDATA[org.openqa.selenium.WebDriverException: Unable to connect to host 127.0.0.1 on port 7055 after 45000 ms. Firefox console output:
oreignInstall":false,"hasBinaryComponents":false,"strictCompatibility":true,"locales":[],"targetApplications":[{"id":"{ec8030f7-c20a-464f-9b0e-13a3a9e97384}","minVersion":"53.0","maxVersion":"53.0"}],"targetPlatforms":[],"seen":true,"dependencies":[],"hasEmbeddedWebExtension":false,"userPermissions":null}
1574695333178	addons.xpi	DEBUG	getModTime: Recursive scan of {972ce4c6-7e08-4474-a285-3208198ce6fd}
1574695333179	DeferredSave.extensions.json	DEBUG	Save changes
1574695333180	addons.xpi	DEBUG	Updating database with changes to installed add-ons
1574695333180	addons.xpi-utils	DEBUG	Updating add-on states
1574695333182	addons.xpi-utils	DEBUG	Writing add-ons list
1574695333186	addons.xpi	DEBUG	Registering manifest for C:\Program Files\Mozilla Firefox\browser\features\aushelper@mozilla.org.xpi
1574695333187	addons.xpi	DEBUG	Calling bootstrap method startup on aushelper@mozilla.org version 2.0
1574695333188	addons.xpi	DEBUG	Registering manifest for C:\Program Files\Mozilla Firefox\browser\features\e10srollout@mozilla.org.xpi
1574695333189	addons.xpi	DEBUG	Calling bootstrap method startup on e10srollout@mozilla.org version 1.14
1574695333189	addons.xpi	DEBUG	Registering manifest for C:\Program Files\Mozilla Firefox\browser\features\firefox@getpocket.com.xpi
1574695333190	addons.xpi	DEBUG	Calling bootstrap method startup on firefox@getpocket.com version 1.0.5
1574695333191	addons.xpi	DEBUG	Registering manifest for C:\Program Files\Mozilla Firefox\browser\features\webcompat@mozilla.org.xpi
1574695333191	addons.xpi	DEBUG	Calling bootstrap method startup on webcompat@mozilla.org version 1.0
1574695333192	addons.manager	DEBUG	Registering shutdown blocker for XPIProvider
1574695333193	addons.manager	DEBUG	Provider finished startup: XPIProvider
1574695333193	addons.manager	DEBUG	Starting provider: LightweightThemeManager
1574695333193	addons.manager	DEBUG	Registering shutdown blocker for LightweightThemeManager
1574695333193	addons.manager	DEBUG	Provider finished startup: LightweightThemeManager
1574695333193	addons.manager	DEBUG	Starting provider: GMPProvider
1574695333199	addons.manager	DEBUG	Registering shutdown blocker for GMPProvider
1574695333199	addons.manager	DEBUG	Provider finished startup: GMPProvider
1574695333199	addons.manager	DEBUG	Starting provider: PluginProvider
1574695333199	addons.manager	DEBUG	Registering shutdown blocker for PluginProvider
1574695333199	addons.manager	DEBUG	Provider finished startup: PluginProvider
1574695333199	addons.manager	DEBUG	Completed startup sequence
[GFX1]: Potential driver version mismatch ignored due to missing DLLs 0.0.0.0 and 0.0.0.0
1574695333476	DeferredSave.extensions.json	DEBUG	Starting write
1574695333481	addons.manager	DEBUG	Starting provider: <unnamed-provider>
1574695333481	addons.manager	DEBUG	Registering shutdown blocker for <unnamed-provider>
1574695333481	addons.manager	DEBUG	Provider finished startup: <unnamed-provider>
1574695333611	addons.repository	DEBUG	No addons.json found.
1574695333612	DeferredSave.addons.json	DEBUG	Save changes
1574695333614	DeferredSave.addons.json	DEBUG	Starting timer
1574695333631	addons.manager	DEBUG	Starting provider: PreviousExperimentProvider
1574695333631	addons.manager	DEBUG	Registering shutdown blocker for PreviousExperimentProvider
1574695333631	addons.manager	DEBUG	Provider finished startup: PreviousExperimentProvider
1574695333632	DeferredSave.extensions.json	DEBUG	Write succeeded
1574695333632	addons.xpi-utils	DEBUG	XPI Database saved, setting schema version preference to 19
1574695333666	DeferredSave.addons.json	DEBUG	Starting write
1574695333696	DeferredSave.addons.json	DEBUG	Write succeeded
Crash Annotation GraphicsCriticalError: |[C0][GFX1]: Potential driver version mismatch ignored due to missing DLLs 0.0.0.0 and 0.0.0.0 (t=2.33784) [GFX1]: Potential driver version mismatch ignored due to missing DLLs 0.0.0.0 and 0.0.0.0
[GPU 21492] WARNING: pipe error: 109: file c:/builds/moz2_slave/m-rel-w64-00000000000000000000/build/src/ipc/chromium/src/chrome/common/ipc_channel_win.cc, line 346

Command duration or timeout: 45.89 seconds
Build info: version: '2.53.1', revision: 'a36b8b1cd5757287168e54b817830adce9b0158d', time: '2016-06-30 19:26:09'
System info: host: 'DESKTOP-E2UK2LO', ip: '192.168.1.3', os.name: 'Windows 10', os.arch: 'amd64', os.version: '10.0', java.version: '1.8.0_211'
Driver info: org.openqa.selenium.remote.RemoteWebDriver
	at sun.reflect.NativeConstructorAccessorImpl.newInstance0(Native Method)
	at sun.reflect.NativeConstructorAccessorImpl.newInstance(Unknown Source)
	at sun.reflect.DelegatingConstructorAccessorImpl.newInstance(Unknown Source)
	at java.lang.reflect.Constructor.newInstance(Unknown Source)
	at org.openqa.selenium.remote.ErrorHandler.createThrowable(ErrorHandler.java:206)
	at org.openqa.selenium.remote.ErrorHandler.throwIfResponseFailed(ErrorHandler.java:158)
	at org.openqa.selenium.remote.RemoteWebDriver.execute(RemoteWebDriver.java:678)
	at org.openqa.selenium.remote.RemoteWebDriver.startSession(RemoteWebDriver.java:249)
	at org.openqa.selenium.remote.RemoteWebDriver.<init>(RemoteWebDriver.java:131)
	at org.openqa.selenium.remote.RemoteWebDriver.<init>(RemoteWebDriver.java:158)
	at day3.Gridhub.testData(Gridhub.java:35)
	at sun.reflect.NativeMethodAccessorImpl.invoke0(Native Method)
	at sun.reflect.NativeMethodAccessorImpl.invoke(Unknown Source)
	at sun.reflect.DelegatingMethodAccessorImpl.invoke(Unknown Source)
	at java.lang.reflect.Method.invoke(Unknown Source)
	at org.testng.internal.MethodInvocationHelper.invokeMethod(MethodInvocationHelper.java:86)
	at org.testng.internal.Invoker.invokeMethod(Invoker.java:643)
	at org.testng.internal.Invoker.invokeTestMethod(Invoker.java:820)
	at org.testng.internal.Invoker.invokeTestMethods(Invoker.java:1128)
	at org.testng.internal.TestMethodWorker.invokeTestMethods(TestMethodWorker.java:129)
	at org.testng.internal.TestMethodWorker.run(TestMethodWorker.java:112)
	at org.testng.TestRunner.privateRun(TestRunner.java:782)
	at org.testng.TestRunner.run(TestRunner.java:632)
	at org.testng.SuiteRunner.runTest(SuiteRunner.java:366)
	at org.testng.SuiteRunner.runSequentially(SuiteRunner.java:361)
	at org.testng.SuiteRunner.privateRun(SuiteRunner.java:319)
	at org.testng.SuiteRunner.run(SuiteRunner.java:268)
	at org.testng.SuiteRunnerWorker.runSuite(SuiteRunnerWorker.java:52)
	at org.testng.SuiteRunnerWorker.run(SuiteRunnerWorker.java:86)
	at org.testng.TestNG.runSuitesSequentially(TestNG.java:1244)
	at org.testng.TestNG.runSuitesLocally(TestNG.java:1169)
	at org.testng.TestNG.run(TestNG.java:1064)
	at org.testng.remote.AbstractRemoteTestNG.run(AbstractRemoteTestNG.java:115)
	at org.testng.remote.RemoteTestNG.initAndRun(RemoteTestNG.java:251)
	at org.testng.remote.RemoteTestNG.main(RemoteTestNG.java:77)
Caused by: org.openqa.selenium.remote.ErrorHandler$UnknownServerException: Unable to connect to host 127.0.0.1 on port 7055 after 45000 ms. Firefox console output:
oreignInstall":false,"hasBinaryComponents":false,"strictCompatibility":true,"locales":[],"targetApplications":[{"id":"{ec8030f7-c20a-464f-9b0e-13a3a9e97384}","minVersion":"53.0","maxVersion":"53.0"}],"targetPlatforms":[],"seen":true,"dependencies":[],"hasEmbeddedWebExtension":false,"userPermissions":null}
1574695333178	addons.xpi	DEBUG	getModTime: Recursive scan of {972ce4c6-7e08-4474-a285-3208198ce6fd}
1574695333179	DeferredSave.extensions.json	DEBUG	Save changes
1574695333180	addons.xpi	DEBUG	Updating database with changes to installed add-ons
1574695333180	addons.xpi-utils	DEBUG	Updating add-on states
1574695333182	addons.xpi-utils	DEBUG	Writing add-ons list
1574695333186	addons.xpi	DEBUG	Registering manifest for C:\Program Files\Mozilla Firefox\browser\features\aushelper@mozilla.org.xpi
1574695333187	addons.xpi	DEBUG	Calling bootstrap method startup on aushelper@mozilla.org version 2.0
1574695333188	addons.xpi	DEBUG	Registering manifest for C:\Program Files\Mozilla Firefox\browser\features\e10srollout@mozilla.org.xpi
1574695333189	addons.xpi	DEBUG	Calling bootstrap method startup on e10srollout@mozilla.org version 1.14
1574695333189	addons.xpi	DEBUG	Registering manifest for C:\Program Files\Mozilla Firefox\browser\features\firefox@getpocket.com.xpi
1574695333190	addons.xpi	DEBUG	Calling bootstrap method startup on firefox@getpocket.com version 1.0.5
1574695333191	addons.xpi	DEBUG	Registering manifest for C:\Program Files\Mozilla Firefox\browser\features\webcompat@mozilla.org.xpi
1574695333191	addons.xpi	DEBUG	Calling bootstrap method startup on webcompat@mozilla.org version 1.0
1574695333192	addons.manager	DEBUG	Registering shutdown blocker for XPIProvider
1574695333193	addons.manager	DEBUG	Provider finished startup: XPIProvider
1574695333193	addons.manager	DEBUG	Starting provider: LightweightThemeManager
1574695333193	addons.manager	DEBUG	Registering shutdown blocker for LightweightThemeManager
1574695333193	addons.manager	DEBUG	Provider finished startup: LightweightThemeManager
1574695333193	addons.manager	DEBUG	Starting provider: GMPProvider
1574695333199	addons.manager	DEBUG	Registering shutdown blocker for GMPProvider
1574695333199	addons.manager	DEBUG	Provider finished startup: GMPProvider
1574695333199	addons.manager	DEBUG	Starting provider: PluginProvider
1574695333199	addons.manager	DEBUG	Registering shutdown blocker for PluginProvider
1574695333199	addons.manager	DEBUG	Provider finished startup: PluginProvider
1574695333199	addons.manager	DEBUG	Completed startup sequence
[GFX1]: Potential driver version mismatch ignored due to missing DLLs 0.0.0.0 and 0.0.0.0
1574695333476	DeferredSave.extensions.json	DEBUG	Starting write
1574695333481	addons.manager	DEBUG	Starting provider: <unnamed-provider>
1574695333481	addons.manager	DEBUG	Registering shutdown blocker for <unnamed-provider>
1574695333481	addons.manager	DEBUG	Provider finished startup: <unnamed-provider>
1574695333611	addons.repository	DEBUG	No addons.json found.
1574695333612	DeferredSave.addons.json	DEBUG	Save changes
1574695333614	DeferredSave.addons.json	DEBUG	Starting timer
1574695333631	addons.manager	DEBUG	Starting provider: PreviousExperimentProvider
1574695333631	addons.manager	DEBUG	Registering shutdown blocker for PreviousExperimentProvider
1574695333631	addons.manager	DEBUG	Provider finished startup: PreviousExperimentProvider
1574695333632	DeferredSave.extensions.json	DEBUG	Write succeeded
1574695333632	addons.xpi-utils	DEBUG	XPI Database saved, setting schema version preference to 19
1574695333666	DeferredSave.addons.json	DEBUG	Starting write
1574695333696	DeferredSave.addons.json	DEBUG	Write succeeded
Crash Annotation GraphicsCriticalError: |[C0][GFX1]: Potential driver version mismatch ignored due to missing DLLs 0.0.0.0 and 0.0.0.0 (t=2.33784) [GFX1]: Potential driver version mismatch ignored due to missing DLLs 0.0.0.0 and 0.0.0.0
[GPU 21492] WARNING: pipe error: 109: file c:/builds/moz2_slave/m-rel-w64-00000000000000000000/build/src/ipc/chromium/src/chrome/common/ipc_channel_win.cc, line 346

Build info: version: '2.53.1', revision: 'a36b8b1cd5757287168e54b817830adce9b0158d', time: '2016-06-30 19:26:09'
System info: host: 'DESKTOP-E2UK2LO', ip: '192.168.1.3', os.name: 'Windows 10', os.arch: 'amd64', os.version: '10.0', java.version: '1.8.0_211'
Driver info: driver.version: FirefoxDriver
	at org.openqa.selenium.firefox.internal.NewProfileExtensionConnection.start(NewProfileExtensionConnection.java:112)
	at org.openqa.selenium.firefox.FirefoxDriver.startClient(FirefoxDriver.java:271)
	at org.openqa.selenium.remote.RemoteWebDriver.<init>(RemoteWebDriver.java:119)
	at org.openqa.selenium.firefox.FirefoxDriver.<init>(FirefoxDriver.java:218)
	at org.openqa.selenium.firefox.FirefoxDriver.<init>(FirefoxDriver.java:211)
	at org.openqa.selenium.firefox.FirefoxDriver.<init>(FirefoxDriver.java:129)
	at sun.reflect.NativeConstructorAccessorImpl.newInstance0(Native Method)
	at sun.reflect.NativeConstructorAccessorImpl.newInstance(NativeConstructorAccessorImpl.java:62)
	at sun.reflect.DelegatingConstructorAccessorImpl.newInstance(DelegatingConstructorAccessorImpl.java:45)
	at java.lang.reflect.Constructor.newInstance(Constructor.java:423)
	at org.openqa.selenium.remote.server.FirefoxDriverProvider.callConstructor(FirefoxDriverProvider.java:91)
	at org.openqa.selenium.remote.server.FirefoxDriverProvider.newInstance(FirefoxDriverProvider.java:68)
	at org.openqa.selenium.remote.server.DefaultDriverFactory.newInstance(DefaultDriverFactory.java:60)
	at org.openqa.selenium.remote.server.DefaultSession$BrowserCreator.call(DefaultSession.java:222)
	at org.openqa.selenium.remote.server.DefaultSession$BrowserCreator.call(DefaultSession.java:1)
	at java.util.concurrent.FutureTask.run(FutureTask.java:266)
	at org.openqa.selenium.remote.server.DefaultSession$1.run(DefaultSession.java:176)
	at java.util.concurrent.ThreadPoolExecutor.runWorker(ThreadPoolExecutor.java:1149)
	at java.util.concurrent.ThreadPoolExecutor$Worker.run(ThreadPoolExecutor.java:624)
	at java.lang.Thread.run(Thread.java:748)
]]>
    </error>
  </testcase> <!-- testData -->
</testsuite> <!-- day3.Gridhub -->
