<?xml version="1.0" encoding="UTF-8"?>
<!-- Generated by org.testng.reporters.JUnitReportReporter -->
<testsuite hostname="DESKTOP-E2UK2LO" name="day2.WaitTest" tests="1" failures="0" timestamp="15 Nov 2019 16:28:37 GMT" time="3.258" errors="0">
  <testcase name="waitTest" time="3.258" classname="day2.WaitTest"/>
</testsuite> <!-- day2.WaitTest -->
