<?xml version="1.0" encoding="UTF-8"?>
<!-- Generated by org.testng.reporters.JUnitReportReporter -->
<testsuite hostname="DESKTOP-E2UK2LO" name="zidongh.Demo2" tests="1" failures="0" timestamp="24 Nov 2019 15:18:49 GMT" time="5.450" errors="0">
  <testcase name="shangchuan" time="5.450" classname="zidongh.Demo2"/>
</testsuite> <!-- zidongh.Demo2 -->
