<?xml version="1.0" encoding="UTF-8"?>
<!-- Generated by org.testng.reporters.JUnitReportReporter -->
<testsuite hostname="DESKTOP-E2UK2LO" name="zidongh.CloseBrowserTest" tests="1" failures="0" timestamp="13 Nov 2019 13:24:48 GMT" time="7.958" errors="0">
  <testcase name="CloseBrowser" time="7.958" classname="zidongh.CloseBrowserTest"/>
</testsuite> <!-- zidongh.CloseBrowserTest -->
