<?xml version="1.0" encoding="UTF-8"?>
<!-- Generated by org.testng.reporters.JUnitReportReporter -->
<testsuite hostname="DESKTOP-E2UK2LO" name="day2.MyActionTest" tests="1" failures="0" timestamp="17 Nov 2019 14:32:48 GMT" time="3.361" errors="0">
  <testcase name="moreselecttest" time="3.361" classname="day2.MyActionTest"/>
</testsuite> <!-- day2.MyActionTest -->
