<?xml version="1.0" encoding="UTF-8"?>
<!-- Generated by org.testng.reporters.JUnitReportReporter -->
<testsuite hostname="DESKTOP-E2UK2LO" name="zidongh.Demo" tests="1" failures="0" timestamp="24 Nov 2019 15:11:17 GMT" time="3.492" errors="0">
  <testcase name="openchrome" time="3.492" classname="zidongh.Demo"/>
</testsuite> <!-- zidongh.Demo -->
