<?xml version="1.0" encoding="UTF-8"?>
<!-- Generated by org.testng.reporters.JUnitReportReporter -->
<testsuite hostname="DESKTOP-E2UK2LO" name="zidongh.BrowserActionTest" tests="1" failures="0" timestamp="13 Nov 2019 13:47:37 GMT" time="9.524" errors="0">
  <testcase name="getTest" time="9.524" classname="zidongh.BrowserActionTest"/>
</testsuite> <!-- zidongh.BrowserActionTest -->
